---
  0 debug pnpm:scope: 
    selected: 1
    workspacePrefix: null
  1 info pnpm: 
    message: "A store server is running. All store manipulations are delegated to it."
    prefix: "/app"
  2 debug pnpm:package-json: 
    initial: 
      //1: "Vension Code"
      //2: "Vension Code"
      name: "hello-express"
      version: "0.0.1"
      description: "Developed by İsmailCan."
      main: "vension.js"
      scripts: 
        start: "node vension.js"
      dependencies: 
        express: "^4.17.1"
        discord.js: "^12.5.3"
        chalk: "^4.1.1"
        moment: "^2.29.1"
        jimp: "^0.16.1"
        quick.db: "^7.1.2"
        snekfetch: "^4.0.4"
      engines: 
        node: "12.x"
      repository: 
        url: "https://glitch.com/edit/#!/hello-express"
      license: "MIT"
      keywords: 
        - "node"
        - "glitch"
        - "express"
      gitHead: "1412cf5e99516fe353f3d2e3239cc8e12767a779"
      readme: "ERROR: No README data found!"
      _id: "hello-express@0.0.1"
    prefix: "/app"
  3 info pnpm: 
    message: "Performing headless installation"
    prefix: "/app"
  4 debug pnpm:stats: 
    prefix: "/app"
    removed: 0
  5 debug pnpm:stage: 
    prefix: "/app"
    stage: "importing_started"
  6 debug pnpm:stats: 
    added: 0
    prefix: "/app"
  7 debug pnpm:stage: 
    prefix: "/app"
    stage: "importing_done"
  8 debug pnpm:link: 
    target: "/rbd/pnpm-volume/ce1857d1-a871-4ba3-b336-178dac5d0804/node_modules/.registry.npmjs.org/@babel/runtime/7.14.0/node_modules/@babel/runtime"
    link: "/rbd/pnpm-volume/ce1857d1-a871-4ba3-b336-178dac5d0804/node_modules/@babel/runtime"
  9 debug pnpm:link: 
    target: "/rbd/pnpm-volume/ce1857d1-a871-4ba3-b336-178dac5d0804/node_modules/.registry.npmjs.org/@discordjs/collection/0.1.6/node_modules/@discordjs/collection"
    link: "/rbd/pnpm-volume/ce1857d1-a871-4ba3-b336-178dac5d0804/node_modules/@discordjs/collection"
  10 debug pnpm:link: 
    target: "/rbd/pnpm-volume/ce1857d1-a871-4ba3-b336-178dac5d0804/node_modules/.registry.npmjs.org/@discordjs/form-data/3.0.1/node_modules/@discordjs/form-data"
    link: "/rbd/pnpm-volume/ce1857d1-a871-4ba3-b336-178dac5d0804/node_modules/@discordjs/form-data"
  11 debug pnpm:link: 
    target: "/rbd/pnpm-volume/ce1857d1-a871-4ba3-b336-178dac5d0804/node_modules/.registry.npmjs.org/@jimp/custom/0.16.1/node_modules/@jimp/custom"
    link: "/rbd/pnpm-volume/ce1857d1-a871-4ba3-b336-178dac5d0804/node_modules/@jimp/custom"
  12 debug pnpm:link: 
    target: "/rbd/pnpm-volume/ce1857d1-a871-4ba3-b336-178dac5d0804/node_modules/.registry.npmjs.org/@jimp/plugins/0.16.1/@jimp!custom@0.16.1/node_modules/@jimp/plugins"
    link: "/rbd/pnpm-volume/ce1857d1-a871-4ba3-b336-178dac5d0804/node_modules/@jimp/plugins"
  13 debug pnpm:link: 
    target: "/rbd/pnpm-volume/ce1857d1-a871-4ba3-b336-178dac5d0804/node_modules/.registry.npmjs.org/@jimp/types/0.16.1/@jimp!custom@0.16.1/node_modules/@jimp/types"
    link: "/rbd/pnpm-volume/ce1857d1-a871-4ba3-b336-178dac5d0804/node_modules/@jimp/types"
  14 debug pnpm:link: 
    target: "/rbd/pnpm-volume/ce1857d1-a871-4ba3-b336-178dac5d0804/node_modules/.registry.npmjs.org/abort-controller/3.0.0/node_modules/abort-controller"
    link: "/rbd/pnpm-volume/ce1857d1-a871-4ba3-b336-178dac5d0804/node_modules/abort-controller"
  15 debug pnpm:link: 
    target: "/rbd/pnpm-volume/ce1857d1-a871-4ba3-b336-178dac5d0804/node_modules/.registry.npmjs.org/accepts/1.3.7/node_modules/accepts"
    link: "/rbd/pnpm-volume/ce1857d1-a871-4ba3-b336-178dac5d0804/node_modules/accepts"
  16 debug pnpm:link: 
    target: "/rbd/pnpm-volume/ce1857d1-a871-4ba3-b336-178dac5d0804/node_modules/.registry.npmjs.org/ansi-styles/4.3.0/node_modules/ansi-styles"
    link: "/rbd/pnpm-volume/ce1857d1-a871-4ba3-b336-178dac5d0804/node_modules/ansi-styles"
  17 debug pnpm:link: 
    target: "/rbd/pnpm-volume/ce1857d1-a871-4ba3-b336-178dac5d0804/node_modules/.registry.npmjs.org/array-flatten/1.1.1/node_modules/array-flatten"
    link: "/rbd/pnpm-volume/ce1857d1-a871-4ba3-b336-178dac5d0804/node_modules/array-flatten"
  18 debug pnpm:link: 
    target: "/rbd/pnpm-volume/ce1857d1-a871-4ba3-b336-178dac5d0804/node_modules/.registry.npmjs.org/better-sqlite3/7.4.1/node_modules/better-sqlite3"
    link: "/rbd/pnpm-volume/ce1857d1-a871-4ba3-b336-178dac5d0804/node_modules/better-sqlite3"
  19 debug pnpm:link: 
    target: "/rbd/pnpm-volume/ce1857d1-a871-4ba3-b336-178dac5d0804/node_modules/.registry.npmjs.org/body-parser/1.19.0/node_modules/body-parser"
    link: "/rbd/pnpm-volume/ce1857d1-a871-4ba3-b336-178dac5d0804/node_modules/body-parser"
  20 debug pnpm:link: 
    target: "/rbd/pnpm-volume/ce1857d1-a871-4ba3-b336-178dac5d0804/node_modules/.registry.npmjs.org/content-disposition/0.5.3/node_modules/content-disposition"
    link: "/rbd/pnpm-volume/ce1857d1-a871-4ba3-b336-178dac5d0804/node_modules/content-disposition"
  21 debug pnpm:link: 
    target: "/rbd/pnpm-volume/ce1857d1-a871-4ba3-b336-178dac5d0804/node_modules/.registry.npmjs.org/content-type/1.0.4/node_modules/content-type"
    link: "/rbd/pnpm-volume/ce1857d1-a871-4ba3-b336-178dac5d0804/node_modules/content-type"
  22 debug pnpm:link: 
    target: "/rbd/pnpm-volume/ce1857d1-a871-4ba3-b336-178dac5d0804/node_modules/.registry.npmjs.org/cookie/0.4.0/node_modules/cookie"
    link: "/rbd/pnpm-volume/ce1857d1-a871-4ba3-b336-178dac5d0804/node_modules/cookie"
  23 debug pnpm:link: 
    target: "/rbd/pnpm-volume/ce1857d1-a871-4ba3-b336-178dac5d0804/node_modules/.registry.npmjs.org/cookie-signature/1.0.6/node_modules/cookie-signature"
    link: "/rbd/pnpm-volume/ce1857d1-a871-4ba3-b336-178dac5d0804/node_modules/cookie-signature"
  24 debug pnpm:link: 
    target: "/rbd/pnpm-volume/ce1857d1-a871-4ba3-b336-178dac5d0804/node_modules/.registry.npmjs.org/debug/2.6.9/node_modules/debug"
    link: "/rbd/pnpm-volume/ce1857d1-a871-4ba3-b336-178dac5d0804/node_modules/debug"
  25 debug pnpm:link: 
    target: "/rbd/pnpm-volume/ce1857d1-a871-4ba3-b336-178dac5d0804/node_modules/.registry.npmjs.org/depd/1.1.2/node_modules/depd"
    link: "/rbd/pnpm-volume/ce1857d1-a871-4ba3-b336-178dac5d0804/node_modules/depd"
  26 debug pnpm:link: 
    target: "/rbd/pnpm-volume/ce1857d1-a871-4ba3-b336-178dac5d0804/node_modules/.registry.npmjs.org/encodeurl/1.0.2/node_modules/encodeurl"
    link: "/rbd/pnpm-volume/ce1857d1-a871-4ba3-b336-178dac5d0804/node_modules/encodeurl"
  27 debug pnpm:link: 
    target: "/rbd/pnpm-volume/ce1857d1-a871-4ba3-b336-178dac5d0804/node_modules/.registry.npmjs.org/escape-html/1.0.3/node_modules/escape-html"
    link: "/rbd/pnpm-volume/ce1857d1-a871-4ba3-b336-178dac5d0804/node_modules/escape-html"
  28 debug pnpm:link: 
    target: "/rbd/pnpm-volume/ce1857d1-a871-4ba3-b336-178dac5d0804/node_modules/.registry.npmjs.org/etag/1.8.1/node_modules/etag"
    link: "/rbd/pnpm-volume/ce1857d1-a871-4ba3-b336-178dac5d0804/node_modules/etag"
  29 debug pnpm:link: 
    target: "/rbd/pnpm-volume/ce1857d1-a871-4ba3-b336-178dac5d0804/node_modules/.registry.npmjs.org/finalhandler/1.1.2/node_modules/finalhandler"
    link: "/rbd/pnpm-volume/ce1857d1-a871-4ba3-b336-178dac5d0804/node_modules/finalhandler"
  30 debug pnpm:link: 
    target: "/rbd/pnpm-volume/ce1857d1-a871-4ba3-b336-178dac5d0804/node_modules/.registry.npmjs.org/fresh/0.5.2/node_modules/fresh"
    link: "/rbd/pnpm-volume/ce1857d1-a871-4ba3-b336-178dac5d0804/node_modules/fresh"
  31 debug pnpm:link: 
    target: "/rbd/pnpm-volume/ce1857d1-a871-4ba3-b336-178dac5d0804/node_modules/.registry.npmjs.org/lodash/4.17.21/node_modules/lodash"
    link: "/rbd/pnpm-volume/ce1857d1-a871-4ba3-b336-178dac5d0804/node_modules/lodash"
  32 debug pnpm:link: 
    target: "/rbd/pnpm-volume/ce1857d1-a871-4ba3-b336-178dac5d0804/node_modules/.registry.npmjs.org/merge-descriptors/1.0.1/node_modules/merge-descriptors"
    link: "/rbd/pnpm-volume/ce1857d1-a871-4ba3-b336-178dac5d0804/node_modules/merge-descriptors"
  33 debug pnpm:link: 
    target: "/rbd/pnpm-volume/ce1857d1-a871-4ba3-b336-178dac5d0804/node_modules/.registry.npmjs.org/methods/1.1.2/node_modules/methods"
    link: "/rbd/pnpm-volume/ce1857d1-a871-4ba3-b336-178dac5d0804/node_modules/methods"
  34 debug pnpm:link: 
    target: "/rbd/pnpm-volume/ce1857d1-a871-4ba3-b336-178dac5d0804/node_modules/.registry.npmjs.org/node-fetch/2.6.1/node_modules/node-fetch"
    link: "/rbd/pnpm-volume/ce1857d1-a871-4ba3-b336-178dac5d0804/node_modules/node-fetch"
  35 debug pnpm:link: 
    target: "/rbd/pnpm-volume/ce1857d1-a871-4ba3-b336-178dac5d0804/node_modules/.registry.npmjs.org/on-finished/2.3.0/node_modules/on-finished"
    link: "/rbd/pnpm-volume/ce1857d1-a871-4ba3-b336-178dac5d0804/node_modules/on-finished"
  36 debug pnpm:link: 
    target: "/rbd/pnpm-volume/ce1857d1-a871-4ba3-b336-178dac5d0804/node_modules/.registry.npmjs.org/parseurl/1.3.3/node_modules/parseurl"
    link: "/rbd/pnpm-volume/ce1857d1-a871-4ba3-b336-178dac5d0804/node_modules/parseurl"
  37 debug pnpm:link: 
    target: "/rbd/pnpm-volume/ce1857d1-a871-4ba3-b336-178dac5d0804/node_modules/.registry.npmjs.org/path-to-regexp/0.1.7/node_modules/path-to-regexp"
    link: "/rbd/pnpm-volume/ce1857d1-a871-4ba3-b336-178dac5d0804/node_modules/path-to-regexp"
  38 debug pnpm:link: 
    target: "/rbd/pnpm-volume/ce1857d1-a871-4ba3-b336-178dac5d0804/node_modules/.registry.npmjs.org/prism-media/1.2.9/node_modules/prism-media"
    link: "/rbd/pnpm-volume/ce1857d1-a871-4ba3-b336-178dac5d0804/node_modules/prism-media"
  39 debug pnpm:link: 
    target: "/rbd/pnpm-volume/ce1857d1-a871-4ba3-b336-178dac5d0804/node_modules/.registry.npmjs.org/proxy-addr/2.0.7/node_modules/proxy-addr"
    link: "/rbd/pnpm-volume/ce1857d1-a871-4ba3-b336-178dac5d0804/node_modules/proxy-addr"
  40 debug pnpm:link: 
    target: "/rbd/pnpm-volume/ce1857d1-a871-4ba3-b336-178dac5d0804/node_modules/.registry.npmjs.org/qs/6.7.0/node_modules/qs"
    link: "/rbd/pnpm-volume/ce1857d1-a871-4ba3-b336-178dac5d0804/node_modules/qs"
  41 debug pnpm:link: 
    target: "/rbd/pnpm-volume/ce1857d1-a871-4ba3-b336-178dac5d0804/node_modules/.registry.npmjs.org/range-parser/1.2.1/node_modules/range-parser"
    link: "/rbd/pnpm-volume/ce1857d1-a871-4ba3-b336-178dac5d0804/node_modules/range-parser"
  42 debug pnpm:link: 
    target: "/rbd/pnpm-volume/ce1857d1-a871-4ba3-b336-178dac5d0804/node_modules/.registry.npmjs.org/regenerator-runtime/0.13.7/node_modules/regenerator-runtime"
    link: "/rbd/pnpm-volume/ce1857d1-a871-4ba3-b336-178dac5d0804/node_modules/regenerator-runtime"
  43 debug pnpm:link: 
    target: "/rbd/pnpm-volume/ce1857d1-a871-4ba3-b336-178dac5d0804/node_modules/.registry.npmjs.org/safe-buffer/5.1.2/node_modules/safe-buffer"
    link: "/rbd/pnpm-volume/ce1857d1-a871-4ba3-b336-178dac5d0804/node_modules/safe-buffer"
  44 debug pnpm:link: 
    target: "/rbd/pnpm-volume/ce1857d1-a871-4ba3-b336-178dac5d0804/node_modules/.registry.npmjs.org/send/0.17.1/node_modules/send"
    link: "/rbd/pnpm-volume/ce1857d1-a871-4ba3-b336-178dac5d0804/node_modules/send"
  45 debug pnpm:link: 
    target: "/rbd/pnpm-volume/ce1857d1-a871-4ba3-b336-178dac5d0804/node_modules/.registry.npmjs.org/serve-static/1.14.1/node_modules/serve-static"
    link: "/rbd/pnpm-volume/ce1857d1-a871-4ba3-b336-178dac5d0804/node_modules/serve-static"
  46 debug pnpm:link: 
    target: "/rbd/pnpm-volume/ce1857d1-a871-4ba3-b336-178dac5d0804/node_modules/.registry.npmjs.org/setimmediate/1.0.5/node_modules/setimmediate"
    link: "/rbd/pnpm-volume/ce1857d1-a871-4ba3-b336-178dac5d0804/node_modules/setimmediate"
  47 debug pnpm:link: 
    target: "/rbd/pnpm-volume/ce1857d1-a871-4ba3-b336-178dac5d0804/node_modules/.registry.npmjs.org/setprototypeof/1.1.1/node_modules/setprototypeof"
    link: "/rbd/pnpm-volume/ce1857d1-a871-4ba3-b336-178dac5d0804/node_modules/setprototypeof"
  48 debug pnpm:link: 
    target: "/rbd/pnpm-volume/ce1857d1-a871-4ba3-b336-178dac5d0804/node_modules/.registry.npmjs.org/statuses/1.5.0/node_modules/statuses"
    link: "/rbd/pnpm-volume/ce1857d1-a871-4ba3-b336-178dac5d0804/node_modules/statuses"
  49 debug pnpm:link: 
    target: "/rbd/pnpm-volume/ce1857d1-a871-4ba3-b336-178dac5d0804/node_modules/.registry.npmjs.org/supports-color/7.2.0/node_modules/supports-color"
    link: "/rbd/pnpm-volume/ce1857d1-a871-4ba3-b336-178dac5d0804/node_modules/supports-color"
  50 debug pnpm:link: 
    target: "/rbd/pnpm-volume/ce1857d1-a871-4ba3-b336-178dac5d0804/node_modules/.registry.npmjs.org/tweetnacl/1.0.3/node_modules/tweetnacl"
    link: "/rbd/pnpm-volume/ce1857d1-a871-4ba3-b336-178dac5d0804/node_modules/tweetnacl"
  51 debug pnpm:link: 
    target: "/rbd/pnpm-volume/ce1857d1-a871-4ba3-b336-178dac5d0804/node_modules/.registry.npmjs.org/type-is/1.6.18/node_modules/type-is"
    link: "/rbd/pnpm-volume/ce1857d1-a871-4ba3-b336-178dac5d0804/node_modules/type-is"
  52 debug pnpm:link: 
    target: "/rbd/pnpm-volume/ce1857d1-a871-4ba3-b336-178dac5d0804/node_modules/.registry.npmjs.org/utils-merge/1.0.1/node_modules/utils-merge"
    link: "/rbd/pnpm-volume/ce1857d1-a871-4ba3-b336-178dac5d0804/node_modules/utils-merge"
  53 debug pnpm:link: 
    target: "/rbd/pnpm-volume/ce1857d1-a871-4ba3-b336-178dac5d0804/node_modules/.registry.npmjs.org/vary/1.1.2/node_modules/vary"
    link: "/rbd/pnpm-volume/ce1857d1-a871-4ba3-b336-178dac5d0804/node_modules/vary"
  54 debug pnpm:link: 
    target: "/rbd/pnpm-volume/ce1857d1-a871-4ba3-b336-178dac5d0804/node_modules/.registry.npmjs.org/ws/7.4.6/node_modules/ws"
    link: "/rbd/pnpm-volume/ce1857d1-a871-4ba3-b336-178dac5d0804/node_modules/ws"
  55 debug pnpm:link: 
    target: "/rbd/pnpm-volume/ce1857d1-a871-4ba3-b336-178dac5d0804/node_modules/.registry.npmjs.org/@jimp/bmp/0.16.1/@jimp!custom@0.16.1/node_modules/@jimp/bmp"
    link: "/rbd/pnpm-volume/ce1857d1-a871-4ba3-b336-178dac5d0804/node_modules/@jimp/bmp"
  56 debug pnpm:link: 
    target: "/rbd/pnpm-volume/ce1857d1-a871-4ba3-b336-178dac5d0804/node_modules/.registry.npmjs.org/@jimp/core/0.16.1/node_modules/@jimp/core"
    link: "/rbd/pnpm-volume/ce1857d1-a871-4ba3-b336-178dac5d0804/node_modules/@jimp/core"
  57 debug pnpm:link: 
    target: "/rbd/pnpm-volume/ce1857d1-a871-4ba3-b336-178dac5d0804/node_modules/.registry.npmjs.org/@jimp/gif/0.16.1/@jimp!custom@0.16.1/node_modules/@jimp/gif"
    link: "/rbd/pnpm-volume/ce1857d1-a871-4ba3-b336-178dac5d0804/node_modules/@jimp/gif"
  58 debug pnpm:link: 
    target: "/rbd/pnpm-volume/ce1857d1-a871-4ba3-b336-178dac5d0804/node_modules/.registry.npmjs.org/@jimp/jpeg/0.16.1/@jimp!custom@0.16.1/node_modules/@jimp/jpeg"
    link: "/rbd/pnpm-volume/ce1857d1-a871-4ba3-b336-178dac5d0804/node_modules/@jimp/jpeg"
  59 debug pnpm:link: 
    target: "/rbd/pnpm-volume/ce1857d1-a871-4ba3-b336-178dac5d0804/node_modules/.registry.npmjs.org/@jimp/plugin-blit/0.16.1/@jimp!custom@0.16.1/node_modules/@jimp/plugin-blit"
    link: "/rbd/pnpm-volume/ce1857d1-a871-4ba3-b336-178dac5d0804/node_modules/@jimp/plugin-blit"
  60 debug pnpm:link: 
    target: "/rbd/pnpm-volume/ce1857d1-a871-4ba3-b336-178dac5d0804/node_modules/.registry.npmjs.org/@jimp/plugin-blur/0.16.1/@jimp!custom@0.16.1/node_modules/@jimp/plugin-blur"
    link: "/rbd/pnpm-volume/ce1857d1-a871-4ba3-b336-178dac5d0804/node_modules/@jimp/plugin-blur"
  61 debug pnpm:link: 
    target: "/rbd/pnpm-volume/ce1857d1-a871-4ba3-b336-178dac5d0804/node_modules/.registry.npmjs.org/@jimp/plugin-circle/0.16.1/@jimp!custom@0.16.1/node_modules/@jimp/plugin-circle"
    link: "/rbd/pnpm-volume/ce1857d1-a871-4ba3-b336-178dac5d0804/node_modules/@jimp/plugin-circle"
  62 debug pnpm:link: 
    target: "/rbd/pnpm-volume/ce1857d1-a871-4ba3-b336-178dac5d0804/node_modules/.registry.npmjs.org/@jimp/plugin-color/0.16.1/@jimp!custom@0.16.1/node_modules/@jimp/plugin-color"
    link: "/rbd/pnpm-volume/ce1857d1-a871-4ba3-b336-178dac5d0804/node_modules/@jimp/plugin-color"
  63 debug pnpm:link: 
    target: "/rbd/pnpm-volume/ce1857d1-a871-4ba3-b336-178dac5d0804/node_modules/.registry.npmjs.org/@jimp/plugin-contain/0.16.1/a624f9824ecab8b56adfbd241c0d2360/node_modules/@jimp/plugin-contain"
    link: "/rbd/pnpm-volume/ce1857d1-a871-4ba3-b336-178dac5d0804/node_modules/@jimp/plugin-contain"
  64 debug pnpm:link: 
    target: "/rbd/pnpm-volume/ce1857d1-a871-4ba3-b336-178dac5d0804/node_modules/.registry.npmjs.org/@jimp/plugin-cover/0.16.1/8315d8cb5521c7b6ab3d188653109939/node_modules/@jimp/plugin-cover"
    link: "/rbd/pnpm-volume/ce1857d1-a871-4ba3-b336-178dac5d0804/node_modules/@jimp/plugin-cover"
  65 debug pnpm:link: 
    target: "/rbd/pnpm-volume/ce1857d1-a871-4ba3-b336-178dac5d0804/node_modules/.registry.npmjs.org/@jimp/plugin-crop/0.16.1/@jimp!custom@0.16.1/node_modules/@jimp/plugin-crop"
    link: "/rbd/pnpm-volume/ce1857d1-a871-4ba3-b336-178dac5d0804/node_modules/@jimp/plugin-crop"
  66 debug pnpm:link: 
    target: "/rbd/pnpm-volume/ce1857d1-a871-4ba3-b336-178dac5d0804/node_modules/.registry.npmjs.org/@jimp/plugin-displace/0.16.1/@jimp!custom@0.16.1/node_modules/@jimp/plugin-displace"
    link: "/rbd/pnpm-volume/ce1857d1-a871-4ba3-b336-178dac5d0804/node_modules/@jimp/plugin-displace"
  67 debug pnpm:link: 
    target: "/rbd/pnpm-volume/ce1857d1-a871-4ba3-b336-178dac5d0804/node_modules/.registry.npmjs.org/@jimp/plugin-dither/0.16.1/@jimp!custom@0.16.1/node_modules/@jimp/plugin-dither"
    link: "/rbd/pnpm-volume/ce1857d1-a871-4ba3-b336-178dac5d0804/node_modules/@jimp/plugin-dither"
  68 debug pnpm:link: 
    target: "/rbd/pnpm-volume/ce1857d1-a871-4ba3-b336-178dac5d0804/node_modules/.registry.npmjs.org/@jimp/plugin-fisheye/0.16.1/@jimp!custom@0.16.1/node_modules/@jimp/plugin-fisheye"
    link: "/rbd/pnpm-volume/ce1857d1-a871-4ba3-b336-178dac5d0804/node_modules/@jimp/plugin-fisheye"
  69 debug pnpm:link: 
    target: "/rbd/pnpm-volume/ce1857d1-a871-4ba3-b336-178dac5d0804/node_modules/.registry.npmjs.org/@jimp/plugin-flip/0.16.1/cf48794c8db40b1485af02ddf78de22a/node_modules/@jimp/plugin-flip"
    link: "/rbd/pnpm-volume/ce1857d1-a871-4ba3-b336-178dac5d0804/node_modules/@jimp/plugin-flip"
  70 debug pnpm:link: 
    target: "/rbd/pnpm-volume/ce1857d1-a871-4ba3-b336-178dac5d0804/node_modules/.registry.npmjs.org/@jimp/plugin-gaussian/0.16.1/@jimp!custom@0.16.1/node_modules/@jimp/plugin-gaussian"
    link: "/rbd/pnpm-volume/ce1857d1-a871-4ba3-b336-178dac5d0804/node_modules/@jimp/plugin-gaussian"
  71 debug pnpm:link: 
    target: "/rbd/pnpm-volume/ce1857d1-a871-4ba3-b336-178dac5d0804/node_modules/.registry.npmjs.org/@jimp/plugin-invert/0.16.1/@jimp!custom@0.16.1/node_modules/@jimp/plugin-invert"
    link: "/rbd/pnpm-volume/ce1857d1-a871-4ba3-b336-178dac5d0804/node_modules/@jimp/plugin-invert"
  72 debug pnpm:link: 
    target: "/rbd/pnpm-volume/ce1857d1-a871-4ba3-b336-178dac5d0804/node_modules/.registry.npmjs.org/@jimp/plugin-mask/0.16.1/@jimp!custom@0.16.1/node_modules/@jimp/plugin-mask"
    link: "/rbd/pnpm-volume/ce1857d1-a871-4ba3-b336-178dac5d0804/node_modules/@jimp/plugin-mask"
  73 debug pnpm:link: 
    target: "/rbd/pnpm-volume/ce1857d1-a871-4ba3-b336-178dac5d0804/node_modules/.registry.npmjs.org/@jimp/plugin-normalize/0.16.1/@jimp!custom@0.16.1/node_modules/@jimp/plugin-normalize"
    link: "/rbd/pnpm-volume/ce1857d1-a871-4ba3-b336-178dac5d0804/node_modules/@jimp/plugin-normalize"
  74 debug pnpm:link: 
    target: "/rbd/pnpm-volume/ce1857d1-a871-4ba3-b336-178dac5d0804/node_modules/.registry.npmjs.org/@jimp/plugin-print/0.16.1/9a4be742356cc6e7388e1b53d69cb950/node_modules/@jimp/plugin-print"
    link: "/rbd/pnpm-volume/ce1857d1-a871-4ba3-b336-178dac5d0804/node_modules/@jimp/plugin-print"
  75 debug pnpm:link: 
    target: "/rbd/pnpm-volume/ce1857d1-a871-4ba3-b336-178dac5d0804/node_modules/.registry.npmjs.org/@jimp/plugin-resize/0.16.1/@jimp!custom@0.16.1/node_modules/@jimp/plugin-resize"
    link: "/rbd/pnpm-volume/ce1857d1-a871-4ba3-b336-178dac5d0804/node_modules/@jimp/plugin-resize"
  76 debug pnpm:link: 
    target: "/rbd/pnpm-volume/ce1857d1-a871-4ba3-b336-178dac5d0804/node_modules/.registry.npmjs.org/@jimp/plugin-rotate/0.16.1/f86d75f0a9ddbaff0ef0351d9a96196f/node_modules/@jimp/plugin-rotate"
    link: "/rbd/pnpm-volume/ce1857d1-a871-4ba3-b336-178dac5d0804/node_modules/@jimp/plugin-rotate"
  77 debug pnpm:link: 
    target: "/rbd/pnpm-volume/ce1857d1-a871-4ba3-b336-178dac5d0804/node_modules/.registry.npmjs.org/@jimp/plugin-scale/0.16.1/a9394c44fe62983fb768b1336dae24ae/node_modules/@jimp/plugin-scale"
    link: "/rbd/pnpm-volume/ce1857d1-a871-4ba3-b336-178dac5d0804/node_modules/@jimp/plugin-scale"
  78 debug pnpm:link: 
    target: "/rbd/pnpm-volume/ce1857d1-a871-4ba3-b336-178dac5d0804/node_modules/.registry.npmjs.org/@jimp/plugin-shadow/0.16.1/da85c9753a610da846f94c44f998d58d/node_modules/@jimp/plugin-shadow"
    link: "/rbd/pnpm-volume/ce1857d1-a871-4ba3-b336-178dac5d0804/node_modules/@jimp/plugin-shadow"
  79 debug pnpm:link: 
    target: "/rbd/pnpm-volume/ce1857d1-a871-4ba3-b336-178dac5d0804/node_modules/.registry.npmjs.org/@jimp/plugin-threshold/0.16.1/0f50da9bd30083daaf7a1a01e894a296/node_modules/@jimp/plugin-threshold"
    link: "/rbd/pnpm-volume/ce1857d1-a871-4ba3-b336-178dac5d0804/node_modules/@jimp/plugin-threshold"
  80 debug pnpm:link: 
    target: "/rbd/pnpm-volume/ce1857d1-a871-4ba3-b336-178dac5d0804/node_modules/.registry.npmjs.org/@jimp/png/0.16.1/@jimp!custom@0.16.1/node_modules/@jimp/png"
    link: "/rbd/pnpm-volume/ce1857d1-a871-4ba3-b336-178dac5d0804/node_modules/@jimp/png"
  81 debug pnpm:link: 
    target: "/rbd/pnpm-volume/ce1857d1-a871-4ba3-b336-178dac5d0804/node_modules/.registry.npmjs.org/@jimp/tiff/0.16.1/@jimp!custom@0.16.1/node_modules/@jimp/tiff"
    link: "/rbd/pnpm-volume/ce1857d1-a871-4ba3-b336-178dac5d0804/node_modules/@jimp/tiff"
  82 debug pnpm:link: 
    target: "/rbd/pnpm-volume/ce1857d1-a871-4ba3-b336-178dac5d0804/node_modules/.registry.npmjs.org/asynckit/0.4.0/node_modules/asynckit"
    link: "/rbd/pnpm-volume/ce1857d1-a871-4ba3-b336-178dac5d0804/node_modules/asynckit"
  83 debug pnpm:link: 
    target: "/rbd/pnpm-volume/ce1857d1-a871-4ba3-b336-178dac5d0804/node_modules/.registry.npmjs.org/bindings/1.5.0/node_modules/bindings"
    link: "/rbd/pnpm-volume/ce1857d1-a871-4ba3-b336-178dac5d0804/node_modules/bindings"
  84 debug pnpm:link: 
    target: "/rbd/pnpm-volume/ce1857d1-a871-4ba3-b336-178dac5d0804/node_modules/.registry.npmjs.org/bytes/3.1.0/node_modules/bytes"
    link: "/rbd/pnpm-volume/ce1857d1-a871-4ba3-b336-178dac5d0804/node_modules/bytes"
  85 debug pnpm:link: 
    target: "/rbd/pnpm-volume/ce1857d1-a871-4ba3-b336-178dac5d0804/node_modules/.registry.npmjs.org/color-convert/2.0.1/node_modules/color-convert"
    link: "/rbd/pnpm-volume/ce1857d1-a871-4ba3-b336-178dac5d0804/node_modules/color-convert"
  86 debug pnpm:link: 
    target: "/rbd/pnpm-volume/ce1857d1-a871-4ba3-b336-178dac5d0804/node_modules/.registry.npmjs.org/combined-stream/1.0.8/node_modules/combined-stream"
    link: "/rbd/pnpm-volume/ce1857d1-a871-4ba3-b336-178dac5d0804/node_modules/combined-stream"
  87 debug pnpm:link: 
    target: "/rbd/pnpm-volume/ce1857d1-a871-4ba3-b336-178dac5d0804/node_modules/.registry.npmjs.org/destroy/1.0.4/node_modules/destroy"
    link: "/rbd/pnpm-volume/ce1857d1-a871-4ba3-b336-178dac5d0804/node_modules/destroy"
  88 debug pnpm:link: 
    target: "/rbd/pnpm-volume/ce1857d1-a871-4ba3-b336-178dac5d0804/node_modules/.registry.npmjs.org/ee-first/1.1.1/node_modules/ee-first"
    link: "/rbd/pnpm-volume/ce1857d1-a871-4ba3-b336-178dac5d0804/node_modules/ee-first"
  89 debug pnpm:link: 
    target: "/rbd/pnpm-volume/ce1857d1-a871-4ba3-b336-178dac5d0804/node_modules/.registry.npmjs.org/event-target-shim/5.0.1/node_modules/event-target-shim"
    link: "/rbd/pnpm-volume/ce1857d1-a871-4ba3-b336-178dac5d0804/node_modules/event-target-shim"
  90 debug pnpm:link: 
    target: "/rbd/pnpm-volume/ce1857d1-a871-4ba3-b336-178dac5d0804/node_modules/.registry.npmjs.org/forwarded/0.2.0/node_modules/forwarded"
    link: "/rbd/pnpm-volume/ce1857d1-a871-4ba3-b336-178dac5d0804/node_modules/forwarded"
  91 debug pnpm:link: 
    target: "/rbd/pnpm-volume/ce1857d1-a871-4ba3-b336-178dac5d0804/node_modules/.registry.npmjs.org/has-flag/4.0.0/node_modules/has-flag"
    link: "/rbd/pnpm-volume/ce1857d1-a871-4ba3-b336-178dac5d0804/node_modules/has-flag"
  92 debug pnpm:link: 
    target: "/rbd/pnpm-volume/ce1857d1-a871-4ba3-b336-178dac5d0804/node_modules/.registry.npmjs.org/http-errors/1.7.2/node_modules/http-errors"
    link: "/rbd/pnpm-volume/ce1857d1-a871-4ba3-b336-178dac5d0804/node_modules/http-errors"
  93 debug pnpm:link: 
    target: "/rbd/pnpm-volume/ce1857d1-a871-4ba3-b336-178dac5d0804/node_modules/.registry.npmjs.org/iconv-lite/0.4.24/node_modules/iconv-lite"
    link: "/rbd/pnpm-volume/ce1857d1-a871-4ba3-b336-178dac5d0804/node_modules/iconv-lite"
  94 debug pnpm:link: 
    target: "/rbd/pnpm-volume/ce1857d1-a871-4ba3-b336-178dac5d0804/node_modules/.registry.npmjs.org/ipaddr.js/1.9.1/node_modules/ipaddr.js"
    link: "/rbd/pnpm-volume/ce1857d1-a871-4ba3-b336-178dac5d0804/node_modules/ipaddr.js"
  95 debug pnpm:link: 
    target: "/rbd/pnpm-volume/ce1857d1-a871-4ba3-b336-178dac5d0804/node_modules/.registry.npmjs.org/media-typer/0.3.0/node_modules/media-typer"
    link: "/rbd/pnpm-volume/ce1857d1-a871-4ba3-b336-178dac5d0804/node_modules/media-typer"
  96 debug pnpm:link: 
    target: "/rbd/pnpm-volume/ce1857d1-a871-4ba3-b336-178dac5d0804/node_modules/.registry.npmjs.org/mime/1.6.0/node_modules/mime"
    link: "/rbd/pnpm-volume/ce1857d1-a871-4ba3-b336-178dac5d0804/node_modules/mime"
  97 debug pnpm:link: 
    target: "/rbd/pnpm-volume/ce1857d1-a871-4ba3-b336-178dac5d0804/node_modules/.registry.npmjs.org/mime-types/2.1.31/node_modules/mime-types"
    link: "/rbd/pnpm-volume/ce1857d1-a871-4ba3-b336-178dac5d0804/node_modules/mime-types"
  98 debug pnpm:link: 
    target: "/rbd/pnpm-volume/ce1857d1-a871-4ba3-b336-178dac5d0804/node_modules/.registry.npmjs.org/ms/2.0.0/node_modules/ms"
    link: "/rbd/pnpm-volume/ce1857d1-a871-4ba3-b336-178dac5d0804/node_modules/ms"
  99 debug pnpm:link: 
    target: "/rbd/pnpm-volume/ce1857d1-a871-4ba3-b336-178dac5d0804/node_modules/.registry.npmjs.org/negotiator/0.6.2/node_modules/negotiator"
    link: "/rbd/pnpm-volume/ce1857d1-a871-4ba3-b336-178dac5d0804/node_modules/negotiator"
  100 debug pnpm:link: 
    target: "/rbd/pnpm-volume/ce1857d1-a871-4ba3-b336-178dac5d0804/node_modules/.registry.npmjs.org/prebuild-install/6.1.3/node_modules/prebuild-install"
    link: "/rbd/pnpm-volume/ce1857d1-a871-4ba3-b336-178dac5d0804/node_modules/prebuild-install"
  101 debug pnpm:link: 
    target: "/rbd/pnpm-volume/ce1857d1-a871-4ba3-b336-178dac5d0804/node_modules/.registry.npmjs.org/raw-body/2.4.0/node_modules/raw-body"
    link: "/rbd/pnpm-volume/ce1857d1-a871-4ba3-b336-178dac5d0804/node_modules/raw-body"
  102 debug pnpm:link: 
    target: "/rbd/pnpm-volume/ce1857d1-a871-4ba3-b336-178dac5d0804/node_modules/.registry.npmjs.org/tar/6.1.0/node_modules/tar"
    link: "/rbd/pnpm-volume/ce1857d1-a871-4ba3-b336-178dac5d0804/node_modules/tar"
  103 debug pnpm:link: 
    target: "/rbd/pnpm-volume/ce1857d1-a871-4ba3-b336-178dac5d0804/node_modules/.registry.npmjs.org/timm/1.7.1/node_modules/timm"
    link: "/rbd/pnpm-volume/ce1857d1-a871-4ba3-b336-178dac5d0804/node_modules/timm"
  104 debug pnpm:link: 
    target: "/rbd/pnpm-volume/ce1857d1-a871-4ba3-b336-178dac5d0804/node_modules/.registry.npmjs.org/unpipe/1.0.0/node_modules/unpipe"
    link: "/rbd/pnpm-volume/ce1857d1-a871-4ba3-b336-178dac5d0804/node_modules/unpipe"
  105 debug pnpm:link: 
    target: "/rbd/pnpm-volume/ce1857d1-a871-4ba3-b336-178dac5d0804/node_modules/.registry.npmjs.org/@jimp/utils/0.16.1/node_modules/@jimp/utils"
    link: "/rbd/pnpm-volume/ce1857d1-a871-4ba3-b336-178dac5d0804/node_modules/@jimp/utils"
  106 debug pnpm:link: 
    target: "/rbd/pnpm-volume/ce1857d1-a871-4ba3-b336-178dac5d0804/node_modules/.registry.npmjs.org/any-base/1.1.0/node_modules/any-base"
    link: "/rbd/pnpm-volume/ce1857d1-a871-4ba3-b336-178dac5d0804/node_modules/any-base"
  107 debug pnpm:link: 
    target: "/rbd/pnpm-volume/ce1857d1-a871-4ba3-b336-178dac5d0804/node_modules/.registry.npmjs.org/bmp-js/0.1.0/node_modules/bmp-js"
    link: "/rbd/pnpm-volume/ce1857d1-a871-4ba3-b336-178dac5d0804/node_modules/bmp-js"
  108 debug pnpm:link: 
    target: "/rbd/pnpm-volume/ce1857d1-a871-4ba3-b336-178dac5d0804/node_modules/.registry.npmjs.org/buffer/5.7.1/node_modules/buffer"
    link: "/rbd/pnpm-volume/ce1857d1-a871-4ba3-b336-178dac5d0804/node_modules/buffer"
  109 debug pnpm:link: 
    target: "/rbd/pnpm-volume/ce1857d1-a871-4ba3-b336-178dac5d0804/node_modules/.registry.npmjs.org/chownr/2.0.0/node_modules/chownr"
    link: "/rbd/pnpm-volume/ce1857d1-a871-4ba3-b336-178dac5d0804/node_modules/chownr"
  110 debug pnpm:link: 
    target: "/rbd/pnpm-volume/ce1857d1-a871-4ba3-b336-178dac5d0804/node_modules/.registry.npmjs.org/color-name/1.1.4/node_modules/color-name"
    link: "/rbd/pnpm-volume/ce1857d1-a871-4ba3-b336-178dac5d0804/node_modules/color-name"
  111 debug pnpm:link: 
    target: "/rbd/pnpm-volume/ce1857d1-a871-4ba3-b336-178dac5d0804/node_modules/.registry.npmjs.org/delayed-stream/1.0.0/node_modules/delayed-stream"
    link: "/rbd/pnpm-volume/ce1857d1-a871-4ba3-b336-178dac5d0804/node_modules/delayed-stream"
  112 debug pnpm:link: 
    target: "/rbd/pnpm-volume/ce1857d1-a871-4ba3-b336-178dac5d0804/node_modules/.registry.npmjs.org/detect-libc/1.0.3/node_modules/detect-libc"
    link: "/rbd/pnpm-volume/ce1857d1-a871-4ba3-b336-178dac5d0804/node_modules/detect-libc"
  113 debug pnpm:link: 
    target: "/rbd/pnpm-volume/ce1857d1-a871-4ba3-b336-178dac5d0804/node_modules/.registry.npmjs.org/exif-parser/0.1.12/node_modules/exif-parser"
    link: "/rbd/pnpm-volume/ce1857d1-a871-4ba3-b336-178dac5d0804/node_modules/exif-parser"
  114 debug pnpm:link: 
    target: "/rbd/pnpm-volume/ce1857d1-a871-4ba3-b336-178dac5d0804/node_modules/.registry.npmjs.org/expand-template/2.0.3/node_modules/expand-template"
    link: "/rbd/pnpm-volume/ce1857d1-a871-4ba3-b336-178dac5d0804/node_modules/expand-template"
  115 debug pnpm:link: 
    target: "/rbd/pnpm-volume/ce1857d1-a871-4ba3-b336-178dac5d0804/node_modules/.registry.npmjs.org/file-type/9.0.0/node_modules/file-type"
    link: "/rbd/pnpm-volume/ce1857d1-a871-4ba3-b336-178dac5d0804/node_modules/file-type"
  116 debug pnpm:link: 
    target: "/rbd/pnpm-volume/ce1857d1-a871-4ba3-b336-178dac5d0804/node_modules/.registry.npmjs.org/file-uri-to-path/1.0.0/node_modules/file-uri-to-path"
    link: "/rbd/pnpm-volume/ce1857d1-a871-4ba3-b336-178dac5d0804/node_modules/file-uri-to-path"
  117 debug pnpm:link: 
    target: "/rbd/pnpm-volume/ce1857d1-a871-4ba3-b336-178dac5d0804/node_modules/.registry.npmjs.org/fs-minipass/2.1.0/node_modules/fs-minipass"
    link: "/rbd/pnpm-volume/ce1857d1-a871-4ba3-b336-178dac5d0804/node_modules/fs-minipass"
  118 debug pnpm:link: 
    target: "/rbd/pnpm-volume/ce1857d1-a871-4ba3-b336-178dac5d0804/node_modules/.registry.npmjs.org/gifwrap/0.9.2/node_modules/gifwrap"
    link: "/rbd/pnpm-volume/ce1857d1-a871-4ba3-b336-178dac5d0804/node_modules/gifwrap"
  119 debug pnpm:link: 
    target: "/rbd/pnpm-volume/ce1857d1-a871-4ba3-b336-178dac5d0804/node_modules/.registry.npmjs.org/github-from-package/0.0.0/node_modules/github-from-package"
    link: "/rbd/pnpm-volume/ce1857d1-a871-4ba3-b336-178dac5d0804/node_modules/github-from-package"
  120 debug pnpm:link: 
    target: "/rbd/pnpm-volume/ce1857d1-a871-4ba3-b336-178dac5d0804/node_modules/.registry.npmjs.org/inherits/2.0.3/node_modules/inherits"
    link: "/rbd/pnpm-volume/ce1857d1-a871-4ba3-b336-178dac5d0804/node_modules/inherits"
  121 debug pnpm:link: 
    target: "/rbd/pnpm-volume/ce1857d1-a871-4ba3-b336-178dac5d0804/node_modules/.registry.npmjs.org/jpeg-js/0.4.2/node_modules/jpeg-js"
    link: "/rbd/pnpm-volume/ce1857d1-a871-4ba3-b336-178dac5d0804/node_modules/jpeg-js"
  122 debug pnpm:link: 
    target: "/rbd/pnpm-volume/ce1857d1-a871-4ba3-b336-178dac5d0804/node_modules/.registry.npmjs.org/load-bmfont/1.4.1/node_modules/load-bmfont"
    link: "/rbd/pnpm-volume/ce1857d1-a871-4ba3-b336-178dac5d0804/node_modules/load-bmfont"
  123 debug pnpm:link: 
    target: "/rbd/pnpm-volume/ce1857d1-a871-4ba3-b336-178dac5d0804/node_modules/.registry.npmjs.org/mime-db/1.48.0/node_modules/mime-db"
    link: "/rbd/pnpm-volume/ce1857d1-a871-4ba3-b336-178dac5d0804/node_modules/mime-db"
  124 debug pnpm:link: 
    target: "/rbd/pnpm-volume/ce1857d1-a871-4ba3-b336-178dac5d0804/node_modules/.registry.npmjs.org/minimist/1.2.5/node_modules/minimist"
    link: "/rbd/pnpm-volume/ce1857d1-a871-4ba3-b336-178dac5d0804/node_modules/minimist"
  125 debug pnpm:link: 
    target: "/rbd/pnpm-volume/ce1857d1-a871-4ba3-b336-178dac5d0804/node_modules/.registry.npmjs.org/minipass/3.1.3/node_modules/minipass"
    link: "/rbd/pnpm-volume/ce1857d1-a871-4ba3-b336-178dac5d0804/node_modules/minipass"
  126 debug pnpm:link: 
    target: "/rbd/pnpm-volume/ce1857d1-a871-4ba3-b336-178dac5d0804/node_modules/.registry.npmjs.org/minizlib/2.1.2/node_modules/minizlib"
    link: "/rbd/pnpm-volume/ce1857d1-a871-4ba3-b336-178dac5d0804/node_modules/minizlib"
  127 debug pnpm:link: 
    target: "/rbd/pnpm-volume/ce1857d1-a871-4ba3-b336-178dac5d0804/node_modules/.registry.npmjs.org/mkdirp/0.5.5/node_modules/mkdirp"
    link: "/rbd/pnpm-volume/ce1857d1-a871-4ba3-b336-178dac5d0804/node_modules/mkdirp"
  128 debug pnpm:link: 
    target: "/rbd/pnpm-volume/ce1857d1-a871-4ba3-b336-178dac5d0804/node_modules/.registry.npmjs.org/mkdirp-classic/0.5.3/node_modules/mkdirp-classic"
    link: "/rbd/pnpm-volume/ce1857d1-a871-4ba3-b336-178dac5d0804/node_modules/mkdirp-classic"
  129 debug pnpm:link: 
    target: "/rbd/pnpm-volume/ce1857d1-a871-4ba3-b336-178dac5d0804/node_modules/.registry.npmjs.org/napi-build-utils/1.0.2/node_modules/napi-build-utils"
    link: "/rbd/pnpm-volume/ce1857d1-a871-4ba3-b336-178dac5d0804/node_modules/napi-build-utils"
  130 debug pnpm:link: 
    target: "/rbd/pnpm-volume/ce1857d1-a871-4ba3-b336-178dac5d0804/node_modules/.registry.npmjs.org/node-abi/2.30.0/node_modules/node-abi"
    link: "/rbd/pnpm-volume/ce1857d1-a871-4ba3-b336-178dac5d0804/node_modules/node-abi"
  131 debug pnpm:link: 
    target: "/rbd/pnpm-volume/ce1857d1-a871-4ba3-b336-178dac5d0804/node_modules/.registry.npmjs.org/npmlog/4.1.2/node_modules/npmlog"
    link: "/rbd/pnpm-volume/ce1857d1-a871-4ba3-b336-178dac5d0804/node_modules/npmlog"
  132 debug pnpm:link: 
    target: "/rbd/pnpm-volume/ce1857d1-a871-4ba3-b336-178dac5d0804/node_modules/.registry.npmjs.org/omggif/1.0.10/node_modules/omggif"
    link: "/rbd/pnpm-volume/ce1857d1-a871-4ba3-b336-178dac5d0804/node_modules/omggif"
  133 debug pnpm:link: 
    target: "/rbd/pnpm-volume/ce1857d1-a871-4ba3-b336-178dac5d0804/node_modules/.registry.npmjs.org/phin/2.9.3/node_modules/phin"
    link: "/rbd/pnpm-volume/ce1857d1-a871-4ba3-b336-178dac5d0804/node_modules/phin"
  134 debug pnpm:link: 
    target: "/rbd/pnpm-volume/ce1857d1-a871-4ba3-b336-178dac5d0804/node_modules/.registry.npmjs.org/pixelmatch/4.0.2/node_modules/pixelmatch"
    link: "/rbd/pnpm-volume/ce1857d1-a871-4ba3-b336-178dac5d0804/node_modules/pixelmatch"
  135 debug pnpm:link: 
    target: "/rbd/pnpm-volume/ce1857d1-a871-4ba3-b336-178dac5d0804/node_modules/.registry.npmjs.org/pngjs/3.4.0/node_modules/pngjs"
    link: "/rbd/pnpm-volume/ce1857d1-a871-4ba3-b336-178dac5d0804/node_modules/pngjs"
  136 debug pnpm:link: 
    target: "/rbd/pnpm-volume/ce1857d1-a871-4ba3-b336-178dac5d0804/node_modules/.registry.npmjs.org/pump/3.0.0/node_modules/pump"
    link: "/rbd/pnpm-volume/ce1857d1-a871-4ba3-b336-178dac5d0804/node_modules/pump"
  137 debug pnpm:link: 
    target: "/rbd/pnpm-volume/ce1857d1-a871-4ba3-b336-178dac5d0804/node_modules/.registry.npmjs.org/rc/1.2.8/node_modules/rc"
    link: "/rbd/pnpm-volume/ce1857d1-a871-4ba3-b336-178dac5d0804/node_modules/rc"
  138 debug pnpm:link: 
    target: "/rbd/pnpm-volume/ce1857d1-a871-4ba3-b336-178dac5d0804/node_modules/.registry.npmjs.org/safer-buffer/2.1.2/node_modules/safer-buffer"
    link: "/rbd/pnpm-volume/ce1857d1-a871-4ba3-b336-178dac5d0804/node_modules/safer-buffer"
  139 debug pnpm:link: 
    target: "/rbd/pnpm-volume/ce1857d1-a871-4ba3-b336-178dac5d0804/node_modules/.registry.npmjs.org/simple-get/3.1.0/node_modules/simple-get"
    link: "/rbd/pnpm-volume/ce1857d1-a871-4ba3-b336-178dac5d0804/node_modules/simple-get"
  140 debug pnpm:link: 
    target: "/rbd/pnpm-volume/ce1857d1-a871-4ba3-b336-178dac5d0804/node_modules/.registry.npmjs.org/tar-fs/2.1.1/node_modules/tar-fs"
    link: "/rbd/pnpm-volume/ce1857d1-a871-4ba3-b336-178dac5d0804/node_modules/tar-fs"
  141 debug pnpm:link: 
    target: "/rbd/pnpm-volume/ce1857d1-a871-4ba3-b336-178dac5d0804/node_modules/.registry.npmjs.org/tinycolor2/1.4.2/node_modules/tinycolor2"
    link: "/rbd/pnpm-volume/ce1857d1-a871-4ba3-b336-178dac5d0804/node_modules/tinycolor2"
  142 debug pnpm:link: 
    target: "/rbd/pnpm-volume/ce1857d1-a871-4ba3-b336-178dac5d0804/node_modules/.registry.npmjs.org/toidentifier/1.0.0/node_modules/toidentifier"
    link: "/rbd/pnpm-volume/ce1857d1-a871-4ba3-b336-178dac5d0804/node_modules/toidentifier"
  143 debug pnpm:link: 
    target: "/rbd/pnpm-volume/ce1857d1-a871-4ba3-b336-178dac5d0804/node_modules/.registry.npmjs.org/tunnel-agent/0.6.0/node_modules/tunnel-agent"
    link: "/rbd/pnpm-volume/ce1857d1-a871-4ba3-b336-178dac5d0804/node_modules/tunnel-agent"
  144 debug pnpm:link: 
    target: "/rbd/pnpm-volume/ce1857d1-a871-4ba3-b336-178dac5d0804/node_modules/.registry.npmjs.org/utif/2.0.1/node_modules/utif"
    link: "/rbd/pnpm-volume/ce1857d1-a871-4ba3-b336-178dac5d0804/node_modules/utif"
  145 debug pnpm:link: 
    target: "/rbd/pnpm-volume/ce1857d1-a871-4ba3-b336-178dac5d0804/node_modules/.registry.npmjs.org/yallist/4.0.0/node_modules/yallist"
    link: "/rbd/pnpm-volume/ce1857d1-a871-4ba3-b336-178dac5d0804/node_modules/yallist"
  146 debug pnpm:link: 
    target: "/rbd/pnpm-volume/ce1857d1-a871-4ba3-b336-178dac5d0804/node_modules/.registry.npmjs.org/are-we-there-yet/1.1.5/node_modules/are-we-there-yet"
    link: "/rbd/pnpm-volume/ce1857d1-a871-4ba3-b336-178dac5d0804/node_modules/are-we-there-yet"
  147 debug pnpm:link: 
    target: "/rbd/pnpm-volume/ce1857d1-a871-4ba3-b336-178dac5d0804/node_modules/.registry.npmjs.org/base64-js/1.5.1/node_modules/base64-js"
    link: "/rbd/pnpm-volume/ce1857d1-a871-4ba3-b336-178dac5d0804/node_modules/base64-js"
  148 debug pnpm:link: 
    target: "/rbd/pnpm-volume/ce1857d1-a871-4ba3-b336-178dac5d0804/node_modules/.registry.npmjs.org/buffer-equal/0.0.1/node_modules/buffer-equal"
    link: "/rbd/pnpm-volume/ce1857d1-a871-4ba3-b336-178dac5d0804/node_modules/buffer-equal"
  149 debug pnpm:link: 
    target: "/rbd/pnpm-volume/ce1857d1-a871-4ba3-b336-178dac5d0804/node_modules/.registry.npmjs.org/console-control-strings/1.1.0/node_modules/console-control-strings"
    link: "/rbd/pnpm-volume/ce1857d1-a871-4ba3-b336-178dac5d0804/node_modules/console-control-strings"
  150 debug pnpm:link: 
    target: "/rbd/pnpm-volume/ce1857d1-a871-4ba3-b336-178dac5d0804/node_modules/.registry.npmjs.org/decompress-response/4.2.1/node_modules/decompress-response"
    link: "/rbd/pnpm-volume/ce1857d1-a871-4ba3-b336-178dac5d0804/node_modules/decompress-response"
  151 debug pnpm:link: 
    target: "/rbd/pnpm-volume/ce1857d1-a871-4ba3-b336-178dac5d0804/node_modules/.registry.npmjs.org/deep-extend/0.6.0/node_modules/deep-extend"
    link: "/rbd/pnpm-volume/ce1857d1-a871-4ba3-b336-178dac5d0804/node_modules/deep-extend"
  152 debug pnpm:link: 
    target: "/rbd/pnpm-volume/ce1857d1-a871-4ba3-b336-178dac5d0804/node_modules/.registry.npmjs.org/end-of-stream/1.4.4/node_modules/end-of-stream"
    link: "/rbd/pnpm-volume/ce1857d1-a871-4ba3-b336-178dac5d0804/node_modules/end-of-stream"
  153 debug pnpm:link: 
    target: "/rbd/pnpm-volume/ce1857d1-a871-4ba3-b336-178dac5d0804/node_modules/.registry.npmjs.org/gauge/2.7.4/node_modules/gauge"
    link: "/rbd/pnpm-volume/ce1857d1-a871-4ba3-b336-178dac5d0804/node_modules/gauge"
  154 debug pnpm:link: 
    target: "/rbd/pnpm-volume/ce1857d1-a871-4ba3-b336-178dac5d0804/node_modules/.registry.npmjs.org/ieee754/1.2.1/node_modules/ieee754"
    link: "/rbd/pnpm-volume/ce1857d1-a871-4ba3-b336-178dac5d0804/node_modules/ieee754"
  155 debug pnpm:link: 
    target: "/rbd/pnpm-volume/ce1857d1-a871-4ba3-b336-178dac5d0804/node_modules/.registry.npmjs.org/image-q/1.1.1/node_modules/image-q"
    link: "/rbd/pnpm-volume/ce1857d1-a871-4ba3-b336-178dac5d0804/node_modules/image-q"
  156 debug pnpm:link: 
    target: "/rbd/pnpm-volume/ce1857d1-a871-4ba3-b336-178dac5d0804/node_modules/.registry.npmjs.org/ini/1.3.8/node_modules/ini"
    link: "/rbd/pnpm-volume/ce1857d1-a871-4ba3-b336-178dac5d0804/node_modules/ini"
  157 debug pnpm:link: 
    target: "/rbd/pnpm-volume/ce1857d1-a871-4ba3-b336-178dac5d0804/node_modules/.registry.npmjs.org/once/1.4.0/node_modules/once"
    link: "/rbd/pnpm-volume/ce1857d1-a871-4ba3-b336-178dac5d0804/node_modules/once"
  158 debug pnpm:link: 
    target: "/rbd/pnpm-volume/ce1857d1-a871-4ba3-b336-178dac5d0804/node_modules/.registry.npmjs.org/pako/1.0.11/node_modules/pako"
    link: "/rbd/pnpm-volume/ce1857d1-a871-4ba3-b336-178dac5d0804/node_modules/pako"
  159 debug pnpm:link: 
    target: "/rbd/pnpm-volume/ce1857d1-a871-4ba3-b336-178dac5d0804/node_modules/.registry.npmjs.org/parse-bmfont-ascii/1.0.6/node_modules/parse-bmfont-ascii"
    link: "/rbd/pnpm-volume/ce1857d1-a871-4ba3-b336-178dac5d0804/node_modules/parse-bmfont-ascii"
  160 debug pnpm:link: 
    target: "/rbd/pnpm-volume/ce1857d1-a871-4ba3-b336-178dac5d0804/node_modules/.registry.npmjs.org/parse-bmfont-binary/1.0.6/node_modules/parse-bmfont-binary"
    link: "/rbd/pnpm-volume/ce1857d1-a871-4ba3-b336-178dac5d0804/node_modules/parse-bmfont-binary"
  161 debug pnpm:link: 
    target: "/rbd/pnpm-volume/ce1857d1-a871-4ba3-b336-178dac5d0804/node_modules/.registry.npmjs.org/parse-bmfont-xml/1.1.4/node_modules/parse-bmfont-xml"
    link: "/rbd/pnpm-volume/ce1857d1-a871-4ba3-b336-178dac5d0804/node_modules/parse-bmfont-xml"
  162 debug pnpm:link: 
    target: "/rbd/pnpm-volume/ce1857d1-a871-4ba3-b336-178dac5d0804/node_modules/.registry.npmjs.org/semver/5.7.1/node_modules/semver"
    link: "/rbd/pnpm-volume/ce1857d1-a871-4ba3-b336-178dac5d0804/node_modules/semver"
  163 debug pnpm:link: 
    target: "/rbd/pnpm-volume/ce1857d1-a871-4ba3-b336-178dac5d0804/node_modules/.registry.npmjs.org/set-blocking/2.0.0/node_modules/set-blocking"
    link: "/rbd/pnpm-volume/ce1857d1-a871-4ba3-b336-178dac5d0804/node_modules/set-blocking"
  164 debug pnpm:link: 
    target: "/rbd/pnpm-volume/ce1857d1-a871-4ba3-b336-178dac5d0804/node_modules/.registry.npmjs.org/simple-concat/1.0.1/node_modules/simple-concat"
    link: "/rbd/pnpm-volume/ce1857d1-a871-4ba3-b336-178dac5d0804/node_modules/simple-concat"
  165 debug pnpm:link: 
    target: "/rbd/pnpm-volume/ce1857d1-a871-4ba3-b336-178dac5d0804/node_modules/.registry.npmjs.org/strip-json-comments/2.0.1/node_modules/strip-json-comments"
    link: "/rbd/pnpm-volume/ce1857d1-a871-4ba3-b336-178dac5d0804/node_modules/strip-json-comments"
  166 debug pnpm:link: 
    target: "/rbd/pnpm-volume/ce1857d1-a871-4ba3-b336-178dac5d0804/node_modules/.registry.npmjs.org/tar-stream/2.2.0/node_modules/tar-stream"
    link: "/rbd/pnpm-volume/ce1857d1-a871-4ba3-b336-178dac5d0804/node_modules/tar-stream"
  167 debug pnpm:link: 
    target: "/rbd/pnpm-volume/ce1857d1-a871-4ba3-b336-178dac5d0804/node_modules/.registry.npmjs.org/xhr/2.6.0/node_modules/xhr"
    link: "/rbd/pnpm-volume/ce1857d1-a871-4ba3-b336-178dac5d0804/node_modules/xhr"
  168 debug pnpm:link: 
    target: "/rbd/pnpm-volume/ce1857d1-a871-4ba3-b336-178dac5d0804/node_modules/.registry.npmjs.org/xtend/4.0.2/node_modules/xtend"
    link: "/rbd/pnpm-volume/ce1857d1-a871-4ba3-b336-178dac5d0804/node_modules/xtend"
  169 debug pnpm:link: 
    target: "/rbd/pnpm-volume/ce1857d1-a871-4ba3-b336-178dac5d0804/node_modules/.registry.npmjs.org/aproba/1.2.0/node_modules/aproba"
    link: "/rbd/pnpm-volume/ce1857d1-a871-4ba3-b336-178dac5d0804/node_modules/aproba"
  170 debug pnpm:link: 
    target: "/rbd/pnpm-volume/ce1857d1-a871-4ba3-b336-178dac5d0804/node_modules/.registry.npmjs.org/bl/4.1.0/node_modules/bl"
    link: "/rbd/pnpm-volume/ce1857d1-a871-4ba3-b336-178dac5d0804/node_modules/bl"
  171 debug pnpm:link: 
    target: "/rbd/pnpm-volume/ce1857d1-a871-4ba3-b336-178dac5d0804/node_modules/.registry.npmjs.org/delegates/1.0.0/node_modules/delegates"
    link: "/rbd/pnpm-volume/ce1857d1-a871-4ba3-b336-178dac5d0804/node_modules/delegates"
  172 debug pnpm:link: 
    target: "/rbd/pnpm-volume/ce1857d1-a871-4ba3-b336-178dac5d0804/node_modules/.registry.npmjs.org/fs-constants/1.0.0/node_modules/fs-constants"
    link: "/rbd/pnpm-volume/ce1857d1-a871-4ba3-b336-178dac5d0804/node_modules/fs-constants"
  173 debug pnpm:link: 
    target: "/rbd/pnpm-volume/ce1857d1-a871-4ba3-b336-178dac5d0804/node_modules/.registry.npmjs.org/global/4.4.0/node_modules/global"
    link: "/rbd/pnpm-volume/ce1857d1-a871-4ba3-b336-178dac5d0804/node_modules/global"
  174 debug pnpm:link: 
    target: "/rbd/pnpm-volume/ce1857d1-a871-4ba3-b336-178dac5d0804/node_modules/.registry.npmjs.org/has-unicode/2.0.1/node_modules/has-unicode"
    link: "/rbd/pnpm-volume/ce1857d1-a871-4ba3-b336-178dac5d0804/node_modules/has-unicode"
  175 debug pnpm:link: 
    target: "/rbd/pnpm-volume/ce1857d1-a871-4ba3-b336-178dac5d0804/node_modules/.registry.npmjs.org/is-function/1.0.2/node_modules/is-function"
    link: "/rbd/pnpm-volume/ce1857d1-a871-4ba3-b336-178dac5d0804/node_modules/is-function"
  176 debug pnpm:link: 
    target: "/rbd/pnpm-volume/ce1857d1-a871-4ba3-b336-178dac5d0804/node_modules/.registry.npmjs.org/mimic-response/2.1.0/node_modules/mimic-response"
    link: "/rbd/pnpm-volume/ce1857d1-a871-4ba3-b336-178dac5d0804/node_modules/mimic-response"
  177 debug pnpm:link: 
    target: "/rbd/pnpm-volume/ce1857d1-a871-4ba3-b336-178dac5d0804/node_modules/.registry.npmjs.org/object-assign/4.1.1/node_modules/object-assign"
    link: "/rbd/pnpm-volume/ce1857d1-a871-4ba3-b336-178dac5d0804/node_modules/object-assign"
  178 debug pnpm:link: 
    target: "/rbd/pnpm-volume/ce1857d1-a871-4ba3-b336-178dac5d0804/node_modules/.registry.npmjs.org/parse-headers/2.0.3/node_modules/parse-headers"
    link: "/rbd/pnpm-volume/ce1857d1-a871-4ba3-b336-178dac5d0804/node_modules/parse-headers"
  179 debug pnpm:link: 
    target: "/rbd/pnpm-volume/ce1857d1-a871-4ba3-b336-178dac5d0804/node_modules/.registry.npmjs.org/readable-stream/2.3.7/node_modules/readable-stream"
    link: "/rbd/pnpm-volume/ce1857d1-a871-4ba3-b336-178dac5d0804/node_modules/readable-stream"
  180 debug pnpm:link: 
    target: "/rbd/pnpm-volume/ce1857d1-a871-4ba3-b336-178dac5d0804/node_modules/.registry.npmjs.org/signal-exit/3.0.3/node_modules/signal-exit"
    link: "/rbd/pnpm-volume/ce1857d1-a871-4ba3-b336-178dac5d0804/node_modules/signal-exit"
  181 debug pnpm:link: 
    target: "/rbd/pnpm-volume/ce1857d1-a871-4ba3-b336-178dac5d0804/node_modules/.registry.npmjs.org/string-width/1.0.2/node_modules/string-width"
    link: "/rbd/pnpm-volume/ce1857d1-a871-4ba3-b336-178dac5d0804/node_modules/string-width"
  182 debug pnpm:link: 
    target: "/rbd/pnpm-volume/ce1857d1-a871-4ba3-b336-178dac5d0804/node_modules/.registry.npmjs.org/strip-ansi/3.0.1/node_modules/strip-ansi"
    link: "/rbd/pnpm-volume/ce1857d1-a871-4ba3-b336-178dac5d0804/node_modules/strip-ansi"
  183 debug pnpm:link: 
    target: "/rbd/pnpm-volume/ce1857d1-a871-4ba3-b336-178dac5d0804/node_modules/.registry.npmjs.org/wide-align/1.1.3/node_modules/wide-align"
    link: "/rbd/pnpm-volume/ce1857d1-a871-4ba3-b336-178dac5d0804/node_modules/wide-align"
  184 debug pnpm:link: 
    target: "/rbd/pnpm-volume/ce1857d1-a871-4ba3-b336-178dac5d0804/node_modules/.registry.npmjs.org/wrappy/1.0.2/node_modules/wrappy"
    link: "/rbd/pnpm-volume/ce1857d1-a871-4ba3-b336-178dac5d0804/node_modules/wrappy"
  185 debug pnpm:link: 
    target: "/rbd/pnpm-volume/ce1857d1-a871-4ba3-b336-178dac5d0804/node_modules/.registry.npmjs.org/xml-parse-from-string/1.0.1/node_modules/xml-parse-from-string"
    link: "/rbd/pnpm-volume/ce1857d1-a871-4ba3-b336-178dac5d0804/node_modules/xml-parse-from-string"
  186 debug pnpm:link: 
    target: "/rbd/pnpm-volume/ce1857d1-a871-4ba3-b336-178dac5d0804/node_modules/.registry.npmjs.org/xml2js/0.4.23/node_modules/xml2js"
    link: "/rbd/pnpm-volume/ce1857d1-a871-4ba3-b336-178dac5d0804/node_modules/xml2js"
  187 debug pnpm:link: 
    target: "/rbd/pnpm-volume/ce1857d1-a871-4ba3-b336-178dac5d0804/node_modules/.registry.npmjs.org/ansi-regex/2.1.1/node_modules/ansi-regex"
    link: "/rbd/pnpm-volume/ce1857d1-a871-4ba3-b336-178dac5d0804/node_modules/ansi-regex"
  188 debug pnpm:link: 
    target: "/rbd/pnpm-volume/ce1857d1-a871-4ba3-b336-178dac5d0804/node_modules/.registry.npmjs.org/code-point-at/1.1.0/node_modules/code-point-at"
    link: "/rbd/pnpm-volume/ce1857d1-a871-4ba3-b336-178dac5d0804/node_modules/code-point-at"
  189 debug pnpm:link: 
    target: "/rbd/pnpm-volume/ce1857d1-a871-4ba3-b336-178dac5d0804/node_modules/.registry.npmjs.org/core-util-is/1.0.2/node_modules/core-util-is"
    link: "/rbd/pnpm-volume/ce1857d1-a871-4ba3-b336-178dac5d0804/node_modules/core-util-is"
  190 debug pnpm:link: 
    target: "/rbd/pnpm-volume/ce1857d1-a871-4ba3-b336-178dac5d0804/node_modules/.registry.npmjs.org/is-fullwidth-code-point/1.0.0/node_modules/is-fullwidth-code-point"
    link: "/rbd/pnpm-volume/ce1857d1-a871-4ba3-b336-178dac5d0804/node_modules/is-fullwidth-code-point"
  191 debug pnpm:link: 
    target: "/rbd/pnpm-volume/ce1857d1-a871-4ba3-b336-178dac5d0804/node_modules/.registry.npmjs.org/isarray/1.0.0/node_modules/isarray"
    link: "/rbd/pnpm-volume/ce1857d1-a871-4ba3-b336-178dac5d0804/node_modules/isarray"
  192 debug pnpm:link: 
    target: "/rbd/pnpm-volume/ce1857d1-a871-4ba3-b336-178dac5d0804/node_modules/.registry.npmjs.org/min-document/2.19.0/node_modules/min-document"
    link: "/rbd/pnpm-volume/ce1857d1-a871-4ba3-b336-178dac5d0804/node_modules/min-document"
  193 debug pnpm:link: 
    target: "/rbd/pnpm-volume/ce1857d1-a871-4ba3-b336-178dac5d0804/node_modules/.registry.npmjs.org/process/0.11.10/node_modules/process"
    link: "/rbd/pnpm-volume/ce1857d1-a871-4ba3-b336-178dac5d0804/node_modules/process"
  194 debug pnpm:link: 
    target: "/rbd/pnpm-volume/ce1857d1-a871-4ba3-b336-178dac5d0804/node_modules/.registry.npmjs.org/process-nextick-args/2.0.1/node_modules/process-nextick-args"
    link: "/rbd/pnpm-volume/ce1857d1-a871-4ba3-b336-178dac5d0804/node_modules/process-nextick-args"
  195 debug pnpm:link: 
    target: "/rbd/pnpm-volume/ce1857d1-a871-4ba3-b336-178dac5d0804/node_modules/.registry.npmjs.org/sax/1.2.4/node_modules/sax"
    link: "/rbd/pnpm-volume/ce1857d1-a871-4ba3-b336-178dac5d0804/node_modules/sax"
  196 debug pnpm:link: 
    target: "/rbd/pnpm-volume/ce1857d1-a871-4ba3-b336-178dac5d0804/node_modules/.registry.npmjs.org/string_decoder/1.1.1/node_modules/string_decoder"
    link: "/rbd/pnpm-volume/ce1857d1-a871-4ba3-b336-178dac5d0804/node_modules/string_decoder"
  197 debug pnpm:link: 
    target: "/rbd/pnpm-volume/ce1857d1-a871-4ba3-b336-178dac5d0804/node_modules/.registry.npmjs.org/util-deprecate/1.0.2/node_modules/util-deprecate"
    link: "/rbd/pnpm-volume/ce1857d1-a871-4ba3-b336-178dac5d0804/node_modules/util-deprecate"
  198 debug pnpm:link: 
    target: "/rbd/pnpm-volume/ce1857d1-a871-4ba3-b336-178dac5d0804/node_modules/.registry.npmjs.org/xmlbuilder/11.0.1/node_modules/xmlbuilder"
    link: "/rbd/pnpm-volume/ce1857d1-a871-4ba3-b336-178dac5d0804/node_modules/xmlbuilder"
  199 debug pnpm:link: 
    target: "/rbd/pnpm-volume/ce1857d1-a871-4ba3-b336-178dac5d0804/node_modules/.registry.npmjs.org/dom-walk/0.1.2/node_modules/dom-walk"
    link: "/rbd/pnpm-volume/ce1857d1-a871-4ba3-b336-178dac5d0804/node_modules/dom-walk"
  200 debug pnpm:link: 
    target: "/rbd/pnpm-volume/ce1857d1-a871-4ba3-b336-178dac5d0804/node_modules/.registry.npmjs.org/number-is-nan/1.0.1/node_modules/number-is-nan"
    link: "/rbd/pnpm-volume/ce1857d1-a871-4ba3-b336-178dac5d0804/node_modules/number-is-nan"
  201 error pnpm: 
    message: 
      errno: -13
      code: "EACCES"
      syscall: "symlink"
      path: "../.registry.npmjs.org/@babel/runtime/7.14.0/node_modules/@babel/runtime"
      dest: "/rbd/pnpm-volume/ce1857d1-a871-4ba3-b336-178dac5d0804/node_modules/@babel/runtime"
    err: 
      name: "Error"
      message: "EACCES: permission denied, symlink '../.registry.npmjs.org/@babel/runtime/7.14.0/node_modules/@babel/runtime' -> '/rbd/pnpm-volume/ce1857d1-a871-4ba3-b336-178dac5d0804/node_modules/@babel/runtime'"
      code: "EACCES"
      stack: "Error: EACCES: permission denied, symlink '../.registry.npmjs.org/@babel/runtime/7.14.0/node_modules/@babel/runtime' -> '/rbd/pnpm-volume/ce1857d1-a871-4ba3-b336-178dac5d0804/node_modules/@babel/runtime'"
